"C:\Program Files\JetBrains\CLion 2020.2.4\bin\cmake\win\bin\cmake.exe" -DCMAKE_BUILD_TYPE=Debug -G "CodeBlocks - NMake Makefiles" C:\Users\jackc\Desktop\Personal\TXTADV\src
-- The C compiler identification is MSVC 19.28.29336.0
-- The CXX compiler identification is MSVC 19.28.29336.0
-- Check for working C compiler: C:/Program Files (x86)/Microsoft Visual Studio/2019/Community/VC/Tools/MSVC/14.28.29333/bin/Hostx86/x86/cl.exe
-- Check for working C compiler: C:/Program Files (x86)/Microsoft Visual Studio/2019/Community/VC/Tools/MSVC/14.28.29333/bin/Hostx86/x86/cl.exe - broken
CMake Error at C:/Program Files/JetBrains/CLion 2020.2.4/bin/cmake/win/share/cmake-3.17/Modules/CMakeTestCCompiler.cmake:60 (message):
  The C compiler

    "C:/Program Files (x86)/Microsoft Visual Studio/2019/Community/VC/Tools/MSVC/14.28.29333/bin/Hostx86/x86/cl.exe"

  is not able to compile a simple test program.

  It fails with the following output:

    Change Dir: C:/Users/jackc/Desktop/Personal/TXTADV/src/cmake-build-debug/CMakeFiles/CMakeTmp
    
    Run Build Command(s):nmake /nologo cmTC_2451b\fast && 	"C:\Program Files (x86)\Microsoft Visual Studio\2019\Community\VC\Tools\MSVC\14.28.29333\bin\HostX86\x86\nmake.exe"  -f CMakeFiles\cmTC_2451b.dir\build.make /nologo -L                  CMakeFiles\cmTC_2451b.dir\build
    Building C object CMakeFiles/cmTC_2451b.dir/testCCompiler.c.obj
    	C:\PROGRA~2\MICROS~2\2019\COMMUN~1\VC\Tools\MSVC\1428~1.293\bin\Hostx86\x86\cl.exe @C:\Users\jackc\AppData\Local\Temp\nm6F26.tmp
    testCCompiler.c
    Linking C executable cmTC_2451b.exe
    	"C:\Program Files\JetBrains\CLion 2020.2.4\bin\cmake\win\bin\cmake.exe" -E vs_link_exe --intdir=CMakeFiles\cmTC_2451b.dir --rc=rc --mt=CMAKE_MT-NOTFOUND --manifests  -- C:\PROGRA~2\MICROS~2\2019\COMMUN~1\VC\Tools\MSVC\1428~1.293\bin\Hostx86\x86\link.exe /nologo @CMakeFiles\cmTC_2451b.dir\objects1.rsp @C:\Users\jackc\AppData\Local\Temp\nm6F56.tmp
    RC Pass 1: command "rc /fo CMakeFiles\cmTC_2451b.dir/manifest.res CMakeFiles\cmTC_2451b.dir/manifest.rc" failed (exit code 0) with the following output:
    The system cannot find the file specifiedNMAKE : fatal error U1077: '"C:\Program Files\JetBrains\CLion 2020.2.4\bin\cmake\win\bin\cmake.exe"' : return code '0xffffffff'
    Stop.
    NMAKE : fatal error U1077: '"C:\Program Files (x86)\Microsoft Visual Studio\2019\Community\VC\Tools\MSVC\14.28.29333\bin\HostX86\x86\nmake.exe"' : return code '0x2'
    Stop.
    
    

  

  CMake will not be able to correctly generate this project.
Call Stack (most recent call first):
  CMakeLists.txt:1 (project)


-- Configuring incomplete, errors occurred!
See also "C:/Users/jackc/Desktop/Personal/TXTADV/src/cmake-build-debug/CMakeFiles/CMakeOutput.log".
See also "C:/Users/jackc/Desktop/Personal/TXTADV/src/cmake-build-debug/CMakeFiles/CMakeError.log".
